{
  "RSpec": {
    "coverage": {
      "/root/CS3300Project/app/controllers/pet_sitters_controller.rb": {
        "lines": [
          1,
          1,
          1,
          null,
          null,
          1,
          13,
          null,
          null,
          null,
          1,
          null,
          null,
          null,
          1,
          0,
          null,
          null,
          null,
          1,
          null,
          null,
          null,
          1,
          0,
          null,
          0,
          0,
          0,
          0,
          null,
          0,
          0,
          null,
          null,
          null,
          null,
          null,
          1,
          8,
          8,
          8,
          4,
          null,
          8,
          4,
          null,
          null,
          null,
          null,
          null,
          1,
          0,
          null,
          0,
          0,
          0,
          null,
          null,
          null,
          1,
          null,
          1,
          20,
          null,
          null,
          null,
          1,
          8,
          null,
          null
        ]
      },
      "/root/CS3300Project/app/controllers/application_controller.rb": {
        "lines": [
          1,
          null
        ]
      },
      "/root/CS3300Project/app/models/pet_sitter.rb": {
        "lines": [
          1,
          1,
          null
        ]
      },
      "/root/CS3300Project/app/channels/application_cable/channel.rb": {
        "lines": [
          0,
          0,
          0,
          0
        ],
        "branches": {
        }
      },
      "/root/CS3300Project/app/channels/application_cable/connection.rb": {
        "lines": [
          0,
          0,
          0,
          0
        ],
        "branches": {
        }
      },
      "/root/CS3300Project/app/helpers/application_helper.rb": {
        "lines": [
          0,
          0
        ],
        "branches": {
        }
      },
      "/root/CS3300Project/app/helpers/pet_sitters_helper.rb": {
        "lines": [
          0,
          0
        ],
        "branches": {
        }
      },
      "/root/CS3300Project/app/jobs/application_job.rb": {
        "lines": [
          0,
          null,
          null,
          null,
          null,
          null,
          0
        ],
        "branches": {
        }
      },
      "/root/CS3300Project/app/mailers/application_mailer.rb": {
        "lines": [
          0,
          0,
          0,
          0
        ],
        "branches": {
        }
      },
      "/root/CS3300Project/app/models/application_record.rb": {
        "lines": [
          0,
          0,
          0
        ],
        "branches": {
        }
      },
      "/root/CS3300Project/app/models/user.rb": {
        "lines": [
          0,
          null,
          null,
          0,
          0,
          0
        ],
        "branches": {
        }
      }
    },
    "timestamp": 1682532298
  }
}
